<?xml version="1.0" encoding="UTF-8"?>
<testsuite name="tasks.AggregationKtTest" tests="1" skipped="0" failures="0" errors="0" timestamp="2024-05-27T07:35:48" hostname="Imrun-3.local" time="0.016">
  <properties/>
  <testcase name="testAggregation" classname="tasks.AggregationKtTest" time="0.016"/>
  <system-out><![CDATA[]]></system-out>
  <system-err><![CDATA[]]></system-err>
</testsuite>
