<?xml version="1.0" encoding="UTF-8"?>
<testsuite name="tasks.Request7ChannelsKtTest" tests="1" skipped="0" failures="0" errors="0" timestamp="2024-05-27T07:35:50" hostname="Imrun-3.local" time="0.015">
  <properties/>
  <testcase name="testChannels" classname="tasks.Request7ChannelsKtTest" time="0.015"/>
  <system-out><![CDATA[1267 [Test worker @coroutine#8] INFO  Contributors - org: loaded 3 repos
1275 [Test worker @coroutine#11] INFO  Contributors - repo-3: loaded 2 contributors
1277 [Test worker @coroutine#9] INFO  Contributors - repo-1: loaded 2 contributors
1278 [Test worker @coroutine#10] INFO  Contributors - repo-2: loaded 2 contributors
]]></system-out>
  <system-err><![CDATA[]]></system-err>
</testsuite>
