<?xml version="1.0" encoding="UTF-8"?>
<testsuite name="tasks.Request3CallbacksKtTest" tests="1" skipped="0" failures="0" errors="0" timestamp="2024-05-27T07:35:49" hostname="Imrun-3.local" time="0.003">
  <properties/>
  <testcase name="testDataIsLoaded" classname="tasks.Request3CallbacksKtTest" time="0.003"/>
  <system-out><![CDATA[1174 [Test worker] INFO  Contributors - org: loaded 3 repos
1175 [Test worker] INFO  Contributors - repo-1: loaded 2 contributors
1175 [Test worker] INFO  Contributors - repo-2: loaded 2 contributors
1175 [Test worker] INFO  Contributors - repo-3: loaded 2 contributors
]]></system-out>
  <system-err><![CDATA[]]></system-err>
</testsuite>
